<?xml version="1.0" encoding="UTF-8"?>
<testng-results ignored="0" total="2" passed="2" failed="0" skipped="0">
  <reporter-output>
  </reporter-output>
  <suite started-at="2023-02-07T20:36:12 CET" name="Suite" finished-at="2023-02-07T20:37:39 CET" duration-ms="87547">
    <groups>
    </groups>
    <test started-at="2023-02-07T20:36:12 CET" name="Test" finished-at="2023-02-07T20:37:28 CET" duration-ms="76156">
      <class name="uk.co.automationtesting.AddRemoveItemBasketTest">
        <test-method is-config="true" signature="setup()[pri:0, instance:uk.co.automationtesting.AddRemoveItemBasketTest@69997e9d]" started-at="2023-02-07T20:36:12 CET" name="setup" finished-at="2023-02-07T20:36:54 CET" duration-ms="42375" status="PASS">
          <reporter-output>
          </reporter-output>
        </test-method> <!-- setup -->
        <test-method signature="addRemoveItem()[pri:0, instance:uk.co.automationtesting.AddRemoveItemBasketTest@69997e9d]" started-at="2023-02-07T20:36:54 CET" name="addRemoveItem" finished-at="2023-02-07T20:37:19 CET" duration-ms="25214" status="PASS">
          <reporter-output>
          </reporter-output>
        </test-method> <!-- addRemoveItem -->
        <test-method is-config="true" signature="tearDown()[pri:0, instance:uk.co.automationtesting.AddRemoveItemBasketTest@69997e9d]" started-at="2023-02-07T20:37:19 CET" name="tearDown" finished-at="2023-02-07T20:37:28 CET" duration-ms="8376" status="PASS">
          <reporter-output>
          </reporter-output>
        </test-method> <!-- tearDown -->
      </class> <!-- uk.co.automationtesting.AddRemoveItemBasketTest -->
    </test> <!-- Test -->
    <test started-at="2023-02-07T20:36:12 CET" name="Test2" finished-at="2023-02-07T20:37:39 CET" duration-ms="87547">
      <class name="uk.co.automationtesting.OrderCompleteTest">
        <test-method is-config="true" signature="setup()[pri:0, instance:uk.co.automationtesting.OrderCompleteTest@169e6180]" started-at="2023-02-07T20:36:12 CET" name="setup" finished-at="2023-02-07T20:36:54 CET" duration-ms="42435" status="PASS">
          <reporter-output>
          </reporter-output>
        </test-method> <!-- setup -->
        <test-method signature="endToEndTest()[pri:0, instance:uk.co.automationtesting.OrderCompleteTest@169e6180]" started-at="2023-02-07T20:36:54 CET" name="endToEndTest" finished-at="2023-02-07T20:37:38 CET" duration-ms="43561" status="PASS">
          <reporter-output>
          </reporter-output>
        </test-method> <!-- endToEndTest -->
        <test-method is-config="true" signature="tearDown()[pri:0, instance:uk.co.automationtesting.OrderCompleteTest@169e6180]" started-at="2023-02-07T20:37:38 CET" name="tearDown" finished-at="2023-02-07T20:37:39 CET" duration-ms="1442" status="PASS">
          <reporter-output>
          </reporter-output>
        </test-method> <!-- tearDown -->
      </class> <!-- uk.co.automationtesting.OrderCompleteTest -->
    </test> <!-- Test2 -->
  </suite> <!-- Suite -->
</testng-results>
